<?xml version="1.0" encoding="UTF-8"?>
<robot generator="Robot 3.2.2 (Python 3.6.8 on win32)" generated="20210208 18:17:15.360" rpa="false">
<suite id="s1" name="RegisterNewAd" source="D:\Robot Framework\UITest\TestCases\RegisterNewAd.robot">
<test id="s1-t1" name="Regiter new advertising">
<kw name="Open Browser To Home Page" library="resource">
<kw name="Open Browser" library="SeleniumLibrary">
<doc>Opens a new browser instance to the optional ``url``.</doc>
<arguments>
<arg>${HOMEPAGE URL}</arg>
<arg>${BROWSER}</arg>
</arguments>
<msg timestamp="20210208 18:17:25.070" level="INFO">Opening browser 'firefox' to base url 'https://www.sheypoor.com/'.</msg>
<msg timestamp="20210208 18:17:25.072" level="INFO">Firefox driver log is always forced to to: D:\Robot Framework\UITest\Results\geckodriver-1.log</msg>
<status status="PASS" starttime="20210208 18:17:25.070" endtime="20210208 18:17:38.047"></status>
</kw>
<kw name="Maximize Browser Window" library="SeleniumLibrary">
<doc>Maximizes current browser window.</doc>
<status status="PASS" starttime="20210208 18:17:38.048" endtime="20210208 18:17:38.332"></status>
</kw>
<kw name="Home Page Should Be Open" library="resource">
<kw name="Title Should Be" library="SeleniumLibrary">
<doc>Verifies that the current page title equals ``title``.</doc>
<arguments>
<arg>شیپور - نیازمندیهای رایگان خرید و فروش، استخدام و خدمات</arg>
</arguments>
<msg timestamp="20210208 18:17:38.338" level="INFO">Page title is 'شیپور - نیازمندیهای رایگان خرید و فروش، استخدام و خدمات'.</msg>
<status status="PASS" starttime="20210208 18:17:38.332" endtime="20210208 18:17:38.338"></status>
</kw>
<kw name="Page Should Contain" library="SeleniumLibrary">
<doc>Verifies that current page contains ``text``.</doc>
<arguments>
<arg>ثبت آگهی رایگان</arg>
</arguments>
<msg timestamp="20210208 18:17:38.382" level="INFO">Current page contains text 'ثبت آگهی رایگان'.</msg>
<status status="PASS" starttime="20210208 18:17:38.338" endtime="20210208 18:17:38.383"></status>
</kw>
<status status="PASS" starttime="20210208 18:17:38.332" endtime="20210208 18:17:38.383"></status>
</kw>
<status status="PASS" starttime="20210208 18:17:25.069" endtime="20210208 18:17:38.383"></status>
</kw>
<kw name="Click Link" library="SeleniumLibrary">
<doc>Clicks a link identified by ``locator``.</doc>
<arguments>
<arg>${New_Ad}</arg>
</arguments>
<msg timestamp="20210208 18:17:38.384" level="INFO">Clicking link 'css:[class="button small icon-plus square-round"]'.</msg>
<status status="PASS" starttime="20210208 18:17:38.383" endtime="20210208 18:17:39.503"></status>
</kw>
<kw name="Wait Until Page Contains Element" library="SeleniumLibrary">
<doc>Waits until the element ``locator`` appears on the current page.</doc>
<arguments>
<arg>${Categories}</arg>
<arg>timeout=5s</arg>
</arguments>
<status status="PASS" starttime="20210208 18:17:39.508" endtime="20210208 18:17:39.799"></status>
</kw>
<kw name="Click Element" library="SeleniumLibrary">
<doc>Click the element identified by ``locator``.</doc>
<arguments>
<arg>${Categories}</arg>
</arguments>
<msg timestamp="20210208 18:17:39.800" level="INFO">Clicking element 'css:[data-popup="popup-categories"]'.</msg>
<status status="PASS" starttime="20210208 18:17:39.800" endtime="20210208 18:17:40.192"></status>
</kw>
<kw name="Data Entry">
<kw name="Read Data From Excel File">
<kw name="Open Excel Document" library="ExcelLibrary">
<doc>Opens xlsx document file.</doc>
<arguments>
<arg>filename=${Excel_Path}/${Excel_Name}</arg>
<arg>doc_id=docid</arg>
</arguments>
<status status="PASS" starttime="20210208 18:17:40.194" endtime="20210208 18:17:40.948"></status>
</kw>
<kw name="Read Excel Row" library="ExcelLibrary">
<doc>Returns content of a row from the current sheet of the document.</doc>
<arguments>
<arg>row_num=2</arg>
<arg>max_num=7</arg>
<arg>sheet_name=${Excel_Sheet_Name}</arg>
</arguments>
<assign>
<var>@{RowData}</var>
</assign>
<msg timestamp="20210208 18:17:40.953" level="INFO">@{RowData} = [ وسایل نقلیه | خودرو | پژو | 206 (تیپ5) | تهران | تهران | آرژانتین ]</msg>
<status status="PASS" starttime="20210208 18:17:40.949" endtime="20210208 18:17:40.953"></status>
</kw>
<kw name="Set Test Variable" library="BuiltIn">
<doc>Makes a variable available everywhere within the scope of the current test.</doc>
<arguments>
<arg>@{RowData}</arg>
</arguments>
<msg timestamp="20210208 18:17:40.957" level="INFO">@{RowData} = [ وسایل نقلیه | خودرو | پژو | 206 (تیپ5) | تهران | تهران | آرژانتین ]</msg>
<status status="PASS" starttime="20210208 18:17:40.956" endtime="20210208 18:17:40.958"></status>
</kw>
<status status="PASS" starttime="20210208 18:17:40.194" endtime="20210208 18:17:40.958"></status>
</kw>
<kw name="Set Variable" library="BuiltIn">
<doc>Returns the given values which can then be assigned to a variables.</doc>
<arguments>
<arg>${RowData}[0]</arg>
</arguments>
<assign>
<var>${1st_Category}</var>
</assign>
<msg timestamp="20210208 18:17:40.960" level="INFO">${1st_Category} = وسایل نقلیه</msg>
<status status="PASS" starttime="20210208 18:17:40.959" endtime="20210208 18:17:40.960"></status>
</kw>
<kw name="Input Text" library="SeleniumLibrary">
<doc>Types the given ``text`` into the text field identified by ``locator``.</doc>
<arguments>
<arg>${Categories_Search}</arg>
<arg>${1st_Category}</arg>
</arguments>
<msg timestamp="20210208 18:17:40.961" level="INFO">Typing text 'وسایل نقلیه' into text field 'css:[placeholder="جستجو..."]'.</msg>
<kw name="Capture Page Screenshot" library="SeleniumLibrary">
<doc>Takes a screenshot of the current page and embeds it into a log file.</doc>
<status status="FAIL" starttime="20210208 18:17:42.225" endtime="20210208 18:17:42.226"></status>
</kw>
<msg timestamp="20210208 18:17:42.226" level="WARN">Keyword 'Capture Page Screenshot' could not be run on failure: Execution terminated by signal</msg>
<status status="FAIL" starttime="20210208 18:17:40.960" endtime="20210208 18:17:42.227"></status>
</kw>
<status status="FAIL" starttime="20210208 18:17:40.193" endtime="20210208 18:17:42.227"></status>
</kw>
<kw name="Close Browser" library="SeleniumLibrary" type="teardown">
<doc>Closes the current browser.</doc>
<errors>
<msg timestamp="20210208 18:17:25.054" level="ERROR">Error in file 'D:\Robot Framework\UITest\TestCases\RegisterNewAd.robot' on line 11: Importing test library 'Return_Categories_SubCategories_Info' failed: ModuleNotFoundError: No module named 'Return_Categories_SubCategories_Info'
Traceback (most recent call last):
  None
PYTHONPATH:
  C:\Users\Forough\AppData\Local\Programs\Python\Python36\Scripts\robot.exe
  c:\users\forough\appdata\local\programs\python\python36\python36.zip
  c:\users\forough\appdata\local\programs\python\python36\DLLs
  c:\users\forough\appdata\local\programs\python\python36\lib
  c:\users\forough\appdata\local\programs\python\python36
  C:\Users\Forough\AppData\Roaming\Python\Python36\site-packages
  c:\users\forough\appdata\local\programs\python\python36\lib\site-packages
  c:\users\forough\appdata\local\programs\python\python36\lib\site-packages\robotframework_excellib-2.0.1-py3.6.egg</msg>
<msg timestamp="20210208 18:17:42.226" level="WARN">Keyword 'Capture Page Screenshot' could not be run on failure: Execution terminated by signal</msg>
<msg timestamp="20210208 18:17:44.272" level="ERROR">Execution stopped by user.</msg>
</errors>
</robot>
